<?xml version="1.0" encoding="UTF-8" standalone="yes"?><!DOCTYPE report PUBLIC "-//JACOCO//DTD Report 1.0//EN" "report.dtd"><report name="JaCoCoverage analysis (powered by JaCoCo from EclEmma)"><sessioninfo id="DESKTOP-I1UFJCP-fc2afae3" start="1541937603443" dump="1541937603650"/><sessioninfo id="DESKTOP-I1UFJCP-a8461e9c" start="1541937603937" dump="1541937604138"/><package name="giaiptbac2"><class name="giaiptbac2/PhuongTrinhBac2New"><method name="&lt;init&gt;" desc="()V" line="5"><counter type="INSTRUCTION" missed="3" covered="0"/><counter type="LINE" missed="1" covered="0"/><counter type="COMPLEXITY" missed="1" covered="0"/><counter type="METHOD" missed="1" covered="0"/></method><method name="main" desc="([Ljava/lang/String;)V" line="8"><counter type="INSTRUCTION" missed="7" covered="0"/><counter type="LINE" missed="2" covered="0"/><counter type="COMPLEXITY" missed="1" covered="0"/><counter type="METHOD" missed="1" covered="0"/></method><method name="solve" desc="(FFF)Ljava/lang/String;" line="11"><counter type="INSTRUCTION" missed="0" covered="155"/><counter type="BRANCH" missed="0" covered="14"/><counter type="LINE" missed="0" covered="22"/><counter type="COMPLEXITY" missed="0" covered="8"/><counter type="METHOD" missed="0" covered="1"/></method><counter type="INSTRUCTION" missed="10" covered="155"/><counter type="BRANCH" missed="0" covered="14"/><counter type="LINE" missed="3" covered="22"/><counter type="COMPLEXITY" missed="2" covered="8"/><counter type="METHOD" missed="2" covered="1"/><counter type="CLASS" missed="0" covered="1"/></class><class name="giaiptbac2/PhuongTrinhBac2"><method name="&lt;init&gt;" desc="(FFF)V" line="16"><counter type="INSTRUCTION" missed="0" covered="32"/><counter type="LINE" missed="0" covered="11"/><counter type="COMPLEXITY" missed="0" covered="1"/><counter type="METHOD" missed="0" covered="1"/></method><method name="solve" desc="()V" line="43"><counter type="INSTRUCTION" missed="0" covered="107"/><counter type="BRANCH" missed="0" covered="8"/><counter type="LINE" missed="0" covered="14"/><counter type="COMPLEXITY" missed="0" covered="5"/><counter type="METHOD" missed="0" covered="1"/></method><method name="getSoNghiem" desc="()I" line="69"><counter type="INSTRUCTION" missed="0" covered="8"/><counter type="BRANCH" missed="0" covered="2"/><counter type="LINE" missed="0" covered="3"/><counter type="COMPLEXITY" missed="0" covered="2"/><counter type="METHOD" missed="0" covered="1"/></method><method name="getNghiem" desc="()[F" line="81"><counter type="INSTRUCTION" missed="0" covered="8"/><counter type="BRANCH" missed="0" covered="2"/><counter type="LINE" missed="0" covered="3"/><counter type="COMPLEXITY" missed="0" covered="2"/><counter type="METHOD" missed="0" covered="1"/></method><method name="toString" desc="()Ljava/lang/String;" line="94"><counter type="INSTRUCTION" missed="0" covered="80"/><counter type="BRANCH" missed="0" covered="6"/><counter type="LINE" missed="0" covered="8"/><counter type="COMPLEXITY" missed="0" covered="4"/><counter type="METHOD" missed="0" covered="1"/></method><counter type="INSTRUCTION" missed="0" covered="235"/><counter type="BRANCH" missed="0" covered="18"/><counter type="LINE" missed="0" covered="39"/><counter type="COMPLEXITY" missed="0" covered="14"/><counter type="METHOD" missed="0" covered="5"/><counter type="CLASS" missed="0" covered="1"/></class><class name="giaiptbac2/GiaiPtBac2"><method name="&lt;init&gt;" desc="()V" line="8"><counter type="INSTRUCTION" missed="3" covered="0"/><counter type="LINE" missed="1" covered="0"/><counter type="COMPLEXITY" missed="1" covered="0"/><counter type="METHOD" missed="1" covered="0"/></method><method name="main" desc="([Ljava/lang/String;)V" line="11"><counter type="INSTRUCTION" missed="14" covered="0"/><counter type="LINE" missed="4" covered="0"/><counter type="COMPLEXITY" missed="1" covered="0"/><counter type="METHOD" missed="1" covered="0"/></method><counter type="INSTRUCTION" missed="17" covered="0"/><counter type="LINE" missed="5" covered="0"/><counter type="COMPLEXITY" missed="2" covered="0"/><counter type="METHOD" missed="2" covered="0"/><counter type="CLASS" missed="1" covered="0"/></class><sourcefile name="GiaiPtBac2.java"><line nr="8" mi="3" ci="0" mb="0" cb="0"/><line nr="11" mi="7" ci="0" mb="0" cb="0"/><line nr="12" mi="2" ci="0" mb="0" cb="0"/><line nr="13" mi="4" ci="0" mb="0" cb="0"/><line nr="14" mi="1" ci="0" mb="0" cb="0"/><counter type="INSTRUCTION" missed="17" covered="0"/><counter type="LINE" missed="5" covered="0"/><counter type="COMPLEXITY" missed="2" covered="0"/><counter type="METHOD" missed="2" covered="0"/><counter type="CLASS" missed="1" covered="0"/></sourcefile><sourcefile name="PhuongTrinhBac2.java"><line nr="16" mi="0" ci="3" mb="0" cb="0"/><line nr="18" mi="0" ci="4" mb="0" cb="0"/><line nr="21" mi="0" ci="3" mb="0" cb="0"/><line nr="30" mi="0" ci="2" mb="0" cb="0"/><line nr="31" mi="0" ci="3" mb="0" cb="0"/><line nr="32" mi="0" ci="3" mb="0" cb="0"/><line nr="33" mi="0" ci="3" mb="0" cb="0"/><line nr="34" mi="0" ci="3" mb="0" cb="0"/><line nr="35" mi="0" ci="3" mb="0" cb="0"/><line nr="36" mi="0" ci="4" mb="0" cb="0"/><line nr="37" mi="0" ci="1" mb="0" cb="0"/><line nr="43" mi="0" ci="3" mb="0" cb="0"/><line nr="44" mi="0" ci="5" mb="0" cb="2"/><line nr="45" mi="0" ci="5" mb="0" cb="2"/><line nr="46" mi="0" ci="10" mb="0" cb="0"/><line nr="47" mi="0" ci="4" mb="0" cb="0"/><line nr="50" mi="0" ci="14" mb="0" cb="0"/><line nr="51" mi="0" ci="4" mb="0" cb="2"/><line nr="52" mi="0" ci="19" mb="0" cb="0"/><line nr="53" mi="0" ci="19" mb="0" cb="0"/><line nr="54" mi="0" ci="4" mb="0" cb="0"/><line nr="55" mi="0" ci="4" mb="0" cb="2"/><line nr="56" mi="0" ci="12" mb="0" cb="0"/><line nr="57" mi="0" ci="3" mb="0" cb="0"/><line nr="60" mi="0" ci="1" mb="0" cb="0"/><line nr="69" mi="0" ci="3" mb="0" cb="2"/><line nr="70" mi="0" ci="2" mb="0" cb="0"/><line nr="72" mi="0" ci="3" mb="0" cb="0"/><line nr="81" mi="0" ci="3" mb="0" cb="2"/><line nr="82" mi="0" ci="2" mb="0" cb="0"/><line nr="84" mi="0" ci="3" mb="0" cb="0"/><line nr="94" mi="0" ci="2" mb="0" cb="0"/><line nr="95" mi="0" ci="3" mb="0" cb="2"/><line nr="96" mi="0" ci="8" mb="0" cb="2"/><line nr="97" mi="0" ci="12" mb="0" cb="0"/><line nr="98" mi="0" ci="6" mb="0" cb="2"/><line nr="99" mi="0" ci="9" mb="0" cb="0"/><line nr="103" mi="0" ci="9" mb="0" cb="0"/><line nr="104" mi="0" ci="31" mb="0" cb="0"/><counter type="INSTRUCTION" missed="0" covered="235"/><counter type="BRANCH" missed="0" covered="18"/><counter type="LINE" missed="0" covered="39"/><counter type="COMPLEXITY" missed="0" covered="14"/><counter type="METHOD" missed="0" covered="5"/><counter type="CLASS" missed="0" covered="1"/></sourcefile><sourcefile name="PhuongTrinhBac2New.java"><line nr="5" mi="3" ci="0" mb="0" cb="0"/><line nr="8" mi="6" ci="0" mb="0" cb="0"/><line nr="9" mi="1" ci="0" mb="0" cb="0"/><line nr="11" mi="0" ci="2" mb="0" cb="0"/><line nr="12" mi="0" ci="3" mb="0" cb="0"/><line nr="14" mi="0" ci="4" mb="0" cb="2"/><line nr="16" mi="0" ci="4" mb="0" cb="2"/><line nr="17" mi="0" ci="7" mb="0" cb="0"/><line nr="18" mi="0" ci="3" mb="0" cb="0"/><line nr="21" mi="0" ci="10" mb="0" cb="0"/><line nr="23" mi="0" ci="4" mb="0" cb="2"/><line nr="24" mi="0" ci="16" mb="0" cb="0"/><line nr="25" mi="0" ci="16" mb="0" cb="0"/><line nr="26" mi="0" ci="3" mb="0" cb="0"/><line nr="28" mi="0" ci="4" mb="0" cb="2"/><line nr="29" mi="0" ci="9" mb="0" cb="0"/><line nr="30" mi="0" ci="2" mb="0" cb="0"/><line nr="33" mi="0" ci="2" mb="0" cb="0"/><line nr="35" mi="0" ci="2" mb="0" cb="2"/><line nr="37" mi="0" ci="7" mb="0" cb="2"/><line nr="38" mi="0" ci="11" mb="0" cb="0"/><line nr="40" mi="0" ci="5" mb="0" cb="2"/><line nr="41" mi="0" ci="9" mb="0" cb="0"/><line nr="45" mi="0" ci="9" mb="0" cb="0"/><line nr="46" mi="0" ci="23" mb="0" cb="0"/><counter type="INSTRUCTION" missed="10" covered="155"/><counter type="BRANCH" missed="0" covered="14"/><counter type="LINE" missed="3" covered="22"/><counter type="COMPLEXITY" missed="2" covered="8"/><counter type="METHOD" missed="2" covered="1"/><counter type="CLASS" missed="0" covered="1"/></sourcefile><counter type="INSTRUCTION" missed="27" covered="390"/><counter type="BRANCH" missed="0" covered="32"/><counter type="LINE" missed="8" covered="61"/><counter type="COMPLEXITY" missed="4" covered="22"/><counter type="METHOD" missed="4" covered="6"/><counter type="CLASS" missed="1" covered="2"/></package><counter type="INSTRUCTION" missed="27" covered="390"/><counter type="BRANCH" missed="0" covered="32"/><counter type="LINE" missed="8" covered="61"/><counter type="COMPLEXITY" missed="4" covered="22"/><counter type="METHOD" missed="4" covered="6"/><counter type="CLASS" missed="1" covered="2"/></report>